<?xml version="1.0" encoding="UTF-8"?>
<testng-results skipped="0" failed="1" total="3" passed="2">
  <reporter-output>
  </reporter-output>
  <suite name="Default suite" duration-ms="103156" started-at="2017-10-30T12:03:32Z" finished-at="2017-10-30T12:05:16Z">
    <groups>
    </groups>
    <test name="Default test" duration-ms="103156" started-at="2017-10-30T12:03:32Z" finished-at="2017-10-30T12:05:16Z">
      <class name="automationFramework.ThirdTestCase">
        <test-method status="PASS" signature="printTest()[pri:0, instance:automationFramework.ThirdTestCase@5ae9a829]" name="printTest" is-config="true" duration-ms="12" started-at="2017-10-30T17:48:32Z" finished-at="2017-10-30T17:48:32Z">
          <reporter-output>
          </reporter-output>
        </test-method> <!-- printTest -->
        <test-method status="PASS" signature="printMethod()[pri:0, instance:automationFramework.ThirdTestCase@5ae9a829]" name="printMethod" is-config="true" duration-ms="18767" started-at="2017-10-30T17:48:32Z" finished-at="2017-10-30T17:48:51Z">
          <reporter-output>
          </reporter-output>
        </test-method> <!-- printMethod -->
        <test-method status="PASS" signature="explrCS()[pri:0, instance:automationFramework.ThirdTestCase@5ae9a829]" name="explrCS" duration-ms="11490" started-at="2017-10-30T17:48:51Z" finished-at="2017-10-30T17:49:03Z">
          <reporter-output>
          </reporter-output>
        </test-method> <!-- explrCS -->
        <test-method status="PASS" signature="afterMethod()[pri:0, instance:automationFramework.ThirdTestCase@5ae9a829]" name="afterMethod" is-config="true" duration-ms="16941" started-at="2017-10-30T17:49:03Z" finished-at="2017-10-30T17:49:20Z">
          <reporter-output>
          </reporter-output>
        </test-method> <!-- afterMethod -->
        <test-method status="PASS" signature="printMethod()[pri:0, instance:automationFramework.ThirdTestCase@5ae9a829]" name="printMethod" is-config="true" duration-ms="16553" started-at="2017-10-30T17:49:20Z" finished-at="2017-10-30T17:49:36Z">
          <reporter-output>
          </reporter-output>
        </test-method> <!-- printMethod -->
        <test-method status="PASS" signature="login()[pri:0, instance:automationFramework.ThirdTestCase@5ae9a829]" name="login" duration-ms="10259" started-at="2017-10-30T17:49:36Z" finished-at="2017-10-30T17:49:47Z">
          <reporter-output>
          </reporter-output>
        </test-method> <!-- login -->
        <test-method status="PASS" signature="afterMethod()[pri:0, instance:automationFramework.ThirdTestCase@5ae9a829]" name="afterMethod" is-config="true" duration-ms="2814" started-at="2017-10-30T17:49:47Z" finished-at="2017-10-30T17:49:49Z">
          <reporter-output>
          </reporter-output>
        </test-method> <!-- afterMethod -->
        <test-method status="PASS" signature="printMethod()[pri:0, instance:automationFramework.ThirdTestCase@5ae9a829]" name="printMethod" is-config="true" duration-ms="24158" started-at="2017-10-30T17:49:49Z" finished-at="2017-10-30T17:50:13Z">
          <reporter-output>
          </reporter-output>
        </test-method> <!-- printMethod -->
        <test-method status="FAIL" signature="logout()[pri:0, instance:automationFramework.ThirdTestCase@5ae9a829]" name="logout" duration-ms="252" started-at="2017-10-30T17:50:13Z" finished-at="2017-10-30T17:50:14Z">
          <exception class="java.lang.NullPointerException">
            <full-stacktrace>
              <![CDATA[java.lang.NullPointerException
	at org.openqa.selenium.support.ui.ExpectedConditions.elementIfVisible(ExpectedConditions.java:302)
	at org.openqa.selenium.support.ui.ExpectedConditions.access$1(ExpectedConditions.java:301)
	at org.openqa.selenium.support.ui.ExpectedConditions$10.apply(ExpectedConditions.java:288)
	at org.openqa.selenium.support.ui.ExpectedConditions$10.apply(ExpectedConditions.java:1)
	at org.openqa.selenium.support.ui.ExpectedConditions$23.apply(ExpectedConditions.java:687)
	at org.openqa.selenium.support.ui.ExpectedConditions$23.apply(ExpectedConditions.java:1)
	at org.openqa.selenium.support.ui.FluentWait.until(FluentWait.java:238)
	at automationFramework.ThirdTestCase.logout(ThirdTestCase.java:76)
	at sun.reflect.NativeMethodAccessorImpl.invoke0(Native Method)
	at sun.reflect.NativeMethodAccessorImpl.invoke(Unknown Source)
	at sun.reflect.DelegatingMethodAccessorImpl.invoke(Unknown Source)
	at java.lang.reflect.Method.invoke(Unknown Source)
	at org.testng.internal.MethodInvocationHelper.invokeMethod(MethodInvocationHelper.java:85)
	at org.testng.internal.Invoker.invokeMethod(Invoker.java:639)
	at org.testng.internal.Invoker.invokeTestMethod(Invoker.java:816)
	at org.testng.internal.Invoker.invokeTestMethods(Invoker.java:1124)
	at org.testng.internal.TestMethodWorker.invokeTestMethods(TestMethodWorker.java:125)
	at org.testng.internal.TestMethodWorker.run(TestMethodWorker.java:108)
	at org.testng.TestRunner.privateRun(TestRunner.java:774)
	at org.testng.TestRunner.run(TestRunner.java:624)
	at org.testng.SuiteRunner.runTest(SuiteRunner.java:359)
	at org.testng.SuiteRunner.runSequentially(SuiteRunner.java:354)
	at org.testng.SuiteRunner.privateRun(SuiteRunner.java:312)
	at org.testng.SuiteRunner.run(SuiteRunner.java:261)
	at org.testng.SuiteRunnerWorker.runSuite(SuiteRunnerWorker.java:52)
	at org.testng.SuiteRunnerWorker.run(SuiteRunnerWorker.java:86)
	at org.testng.TestNG.runSuitesSequentially(TestNG.java:1215)
	at org.testng.TestNG.runSuitesLocally(TestNG.java:1140)
	at org.testng.TestNG.run(TestNG.java:1048)
	at org.testng.remote.AbstractRemoteTestNG.run(AbstractRemoteTestNG.java:132)
	at org.testng.remote.RemoteTestNG.initAndRun(RemoteTestNG.java:230)
	at org.testng.remote.RemoteTestNG.main(RemoteTestNG.java:76)
]]>
            </full-stacktrace>
          </exception> <!-- java.lang.NullPointerException -->
          <reporter-output>
          </reporter-output>
        </test-method> <!-- logout -->
        <test-method status="PASS" signature="afterMethod()[pri:0, instance:automationFramework.ThirdTestCase@5ae9a829]" name="afterMethod" is-config="true" duration-ms="1576" started-at="2017-10-30T17:50:14Z" finished-at="2017-10-30T17:50:16Z">
          <reporter-output>
          </reporter-output>
        </test-method> <!-- afterMethod -->
        <test-method status="PASS" signature="afterTest()[pri:0, instance:automationFramework.ThirdTestCase@5ae9a829]" name="afterTest" is-config="true" duration-ms="1" started-at="2017-10-30T17:50:16Z" finished-at="2017-10-30T17:50:16Z">
          <reporter-output>
          </reporter-output>
        </test-method> <!-- afterTest -->
      </class> <!-- automationFramework.ThirdTestCase -->
    </test> <!-- Default test -->
  </suite> <!-- Default suite -->
</testng-results>
